{"meta": {"format": 3, "version": "7.15.3", "timestamp": "2026-08-06T20:26:54.125672", "branch_coverage": false, "show_contexts": false}, "files": {"03-development/src/taskq_api/api/health.py": {"executed_lines": [33, 35, 36, 37, 38, 39, 41, 42, 44, 45, 55, 56, 57, 69, 70, 74, 82, 83, 96, 97, 98, 106, 122, 123, 127, 128, 129, 130, 131, 134, 143, 144, 145, 146, 148, 149, 150, 154, 156, 159, 160, 161, 164, 178, 179, 184, 185, 186, 187, 188, 191, 192, 193, 201, 211, 212, 213, 214, 215, 222, 233, 234, 235, 236, 237, 242, 243, 248, 249, 254, 262, 272, 280, 291, 295, 297, 298, 299, 300, 306, 307, 314, 324, 325, 326, 327, 328, 329, 330, 331, 334, 345, 347, 348, 355, 366, 368, 371, 380, 392, 407, 408, 411, 426, 428, 429, 439, 440, 455, 469, 472, 473, 478, 481, 482, 492, 499, 500, 517, 520], "summary": {"covered_lines": 120, "num_statements": 120, "percent_covered": 100.0, "percent_covered_display": "100", "missing_lines": 0, "excluded_lines": 0, "percent_statements_covered": 100.0, "percent_statements_covered_display": "100"}, "missing_lines": [], "excluded_lines": [], "functions": {"database_ping": {"executed_lines": [122, 123, 127, 128, 129, 130, 131], "summary": {"covered_lines": 7, "num_statements": 7, "percent_covered": 100.0, "percent_covered_display": "100", "missing_lines": 0, "excluded_lines": 0, "percent_statements_covered": 100.0, "percent_statements_covered_display": "100"}, "missing_lines": [], "excluded_lines": [], "start_line": 106}, "head_revision": {"executed_lines": [143, 144, 145, 146, 148, 149, 150, 154, 156, 159, 160, 161], "summary": {"covered_lines": 12, "num_statements": 12, "percent_covered": 100.0, "percent_covered_display": "100", "missing_lines": 0, "excluded_lines": 0, "percent_statements_covered": 100.0, "percent_statements_covered_display": "100"}, "missing_lines": [], "excluded_lines": [], "start_line": 134}, "current_revision": {"executed_lines": [178, 179, 184, 185, 186, 187, 188, 191, 192, 193], "summary": {"covered_lines": 10, "num_statements": 10, "percent_covered": 100.0, "percent_covered_display": "100", "missing_lines": 0, "excluded_lines": 0, "percent_statements_covered": 100.0, "percent_statements_covered_display": "100"}, "missing_lines": [], "excluded_lines": [], "start_line": 164}, "check_database": {"executed_lines": [211, 212, 213, 214, 215], "summary": {"covered_lines": 5, "num_statements": 5, "percent_covered": 100.0, "percent_covered_display": "100", "missing_lines": 0, "excluded_lines": 0, "percent_statements_covered": 100.0, "percent_statements_covered_display": "100"}, "missing_lines": [], "excluded_lines": [], "start_line": 201}, "check_migration": {"executed_lines": [233, 234, 235, 236, 237, 242, 243, 248, 249, 254], "summary": {"covered_lines": 10, "num_statements": 10, "percent_covered": 100.0, "percent_covered_display": "100", "missing_lines": 0, "excluded_lines": 0, "percent_statements_covered": 100.0, "percent_statements_covered_display": "100"}, "missing_lines": [], "excluded_lines": [], "start_line": 222}, "healthz": {"executed_lines": [272], "summary": {"covered_lines": 1, "num_statements": 1, "percent_covered": 100.0, "percent_covered_display": "100", "missing_lines": 0, "excluded_lines": 0, "percent_statements_covered": 100.0, "percent_statements_covered_display": "100"}, "missing_lines": [], "excluded_lines": [], "start_line": 262}, "_count_tasks_by_status": {"executed_lines": [291, 295, 297, 298, 299, 300, 306, 307], "summary": {"covered_lines": 8, "num_statements": 8, "percent_covered": 100.0, "percent_covered_display": "100", "missing_lines": 0, "excluded_lines": 0, "percent_statements_covered": 100.0, "percent_statements_covered_display": "100"}, "missing_lines": [], "excluded_lines": [], "start_line": 280}, "_percentile": {"executed_lines": [324, 325, 326, 327, 328, 329, 330, 331], "summary": {"covered_lines": 8, "num_statements": 8, "percent_covered": 100.0, "percent_covered_display": "100", "missing_lines": 0, "excluded_lines": 0, "percent_statements_covered": 100.0, "percent_statements_covered_display": "100"}, "missing_lines": [], "excluded_lines": [], "start_line": 314}, "_latency_percentiles": {"executed_lines": [345, 347, 348], "summary": {"covered_lines": 3, "num_statements": 3, "percent_covered": 100.0, "percent_covered_display": "100", "missing_lines": 0, "excluded_lines": 0, "percent_statements_covered": 100.0, "percent_statements_covered_display": "100"}, "missing_lines": [], "excluded_lines": [], "start_line": 334}, "_rate_limit_rejection_count": {"executed_lines": [366, 368], "summary": {"covered_lines": 2, "num_statements": 2, "percent_covered": 100.0, "percent_covered_display": "100", "missing_lines": 0, "excluded_lines": 0, "percent_statements_covered": 100.0, "percent_statements_covered_display": "100"}, "missing_lines": [], "excluded_lines": [], "start_line": 355}, "metrics_snapshot": {"executed_lines": [380], "summary": {"covered_lines": 1, "num_statements": 1, "percent_covered": 100.0, "percent_covered_display": "100", "missing_lines": 0, "excluded_lines": 0, "percent_statements_covered": 100.0, "percent_statements_covered_display": "100"}, "missing_lines": [], "excluded_lines": [], "start_line": 371}, "_require_admin": {"executed_lines": [407, 408], "summary": {"covered_lines": 2, "num_statements": 2, "percent_covered": 100.0, "percent_covered_display": "100", "missing_lines": 0, "excluded_lines": 0, "percent_statements_covered": 100.0, "percent_statements_covered_display": "100"}, "missing_lines": [], "excluded_lines": [], "start_line": 392}, "_readyz_response_body": {"executed_lines": [426, 428, 429, 439, 440, 455], "summary": {"covered_lines": 6, "num_statements": 6, "percent_covered": 100.0, "percent_covered_display": "100", "missing_lines": 0, "excluded_lines": 0, "percent_statements_covered": 100.0, "percent_statements_covered_display": "100"}, "missing_lines": [], "excluded_lines": [], "start_line": 411}, "healthz_route": {"executed_lines": [478], "summary": {"covered_lines": 1, "num_statements": 1, "percent_covered": 100.0, "percent_covered_display": "100", "missing_lines": 0, "excluded_lines": 0, "percent_statements_covered": 100.0, "percent_statements_covered_display": "100"}, "missing_lines": [], "excluded_lines": [], "start_line": 473}, "readyz_route": {"executed_lines": [492], "summary": {"covered_lines": 1, "num_statements": 1, "percent_covered": 100.0, "percent_covered_display": "100", "missing_lines": 0, "excluded_lines": 0, "percent_statements_covered": 100.0, "percent_statements_covered_display": "100"}, "missing_lines": [], "excluded_lines": [], "start_line": 482}, "metrics_route": {"executed_lines": [517], "summary": {"covered_lines": 1, "num_statements": 1, "percent_covered": 100.0, "percent_covered_display": "100", "missing_lines": 0, "excluded_lines": 0, "percent_statements_covered": 100.0, "percent_statements_covered_display": "100"}, "missing_lines": [], "excluded_lines": [], "start_line": 500}, "": {"executed_lines": [33, 35, 36, 37, 38, 39, 41, 42, 44, 45, 55, 56, 57, 69, 70, 74, 82, 83, 96, 97, 98, 106, 134, 164, 201, 222, 262, 280, 314, 334, 355, 371, 392, 411, 469, 472, 473, 481, 482, 499, 500, 520], "summary": {"covered_lines": 42, "num_statements": 42, "percent_covered": 100.0, "percent_covered_display": "100", "missing_lines": 0, "excluded_lines": 0, "percent_statements_covered": 100.0, "percent_statements_covered_display": "100"}, "missing_lines": [], "excluded_lines": [], "start_line": 1}}, "classes": {"CheckResult": {"executed_lines": [], "summary": {"covered_lines": 0, "num_statements": 0, "percent_covered": 100.0, "percent_covered_display": "100", "missing_lines": 0, "excluded_lines": 0, "percent_statements_covered": 100.0, "percent_statements_covered_display": "100"}, "missing_lines": [], "excluded_lines": [], "start_line": 83}, "": {"executed_lines": [33, 35, 36, 37, 38, 39, 41, 42, 44, 45, 55, 56, 57, 69, 70, 74, 82, 83, 96, 97, 98, 106, 122, 123, 127, 128, 129, 130, 131, 134, 143, 144, 145, 146, 148, 149, 150, 154, 156, 159, 160, 161, 164, 178, 179, 184, 185, 186, 187, 188, 191, 192, 193, 201, 211, 212, 213, 214, 215, 222, 233, 234, 235, 236, 237, 242, 243, 248, 249, 254, 262, 272, 280, 291, 295, 297, 298, 299, 300, 306, 307, 314, 324, 325, 326, 327, 328, 329, 330, 331, 334, 345, 347, 348, 355, 366, 368, 371, 380, 392, 407, 408, 411, 426, 428, 429, 439, 440, 455, 469, 472, 473, 478, 481, 482, 492, 499, 500, 517, 520], "summary": {"covered_lines": 120, "num_statements": 120, "percent_covered": 100.0, "percent_covered_display": "100", "missing_lines": 0, "excluded_lines": 0, "percent_statements_covered": 100.0, "percent_statements_covered_display": "100"}, "missing_lines": [], "excluded_lines": [], "start_line": 1}}}}, "totals": {"covered_lines": 120, "num_statements": 120, "percent_covered": 100.0, "percent_covered_display": "100", "missing_lines": 0, "excluded_lines": 0, "percent_statements_covered": 100.0, "percent_statements_covered_display": "100"}}